INFO - 2020-09-23 21:58:26,263 - The experiment mushroom was created with id=1 
INFO - 2020-09-23 21:58:26,400 - Loading file at data/mushroom.csv
INFO - 2020-09-23 21:58:26,436 - Preprocessing dataset
INFO - 2020-09-23 21:58:26,497 - Split data into train and test
INFO - 2020-09-23 21:58:26,508 - Applying grid search for parameter tuning
INFO - 2020-09-23 21:58:27,728 - Applying k-fold cross validation
INFO - 2020-09-23 21:58:27,864 - Model evaluation
INFO - 2020-09-24 17:19:16,605 - The id=1 from experiment mushroom was retrieved successfully
INFO - 2020-09-24 17:19:16,761 - Loading file at data/mushroom.csv
INFO - 2020-09-24 17:19:16,793 - Preprocessing dataset
INFO - 2020-09-24 17:19:16,836 - Split data into train and test
INFO - 2020-09-24 17:19:16,845 - Applying grid search for parameter tuning
INFO - 2020-09-24 17:19:18,174 - Applying k-fold cross validation
INFO - 2020-09-24 17:19:18,313 - Model evaluation
INFO - 2020-09-24 17:21:27,597 - The id=1 from experiment mushroom was retrieved successfully
INFO - 2020-09-24 17:21:27,705 - Loading file at data/mushroom.csv
INFO - 2020-09-24 17:21:27,738 - Preprocessing dataset
INFO - 2020-09-24 17:21:27,779 - Split data into train and test
INFO - 2020-09-24 17:21:27,788 - Applying grid search for parameter tuning
INFO - 2020-09-24 17:21:29,049 - Applying k-fold cross validation
INFO - 2020-09-24 17:21:29,238 - Model evaluation
INFO - 2020-09-24 17:21:29,266 - Saving model
INFO - 2020-09-24 17:21:44,767 - The id=1 from experiment mushroom was retrieved successfully
INFO - 2020-09-24 17:21:44,879 - Loading file at data/mushroom.csv
INFO - 2020-09-24 17:21:44,908 - Preprocessing dataset
INFO - 2020-09-24 17:21:44,954 - Split data into train and test
INFO - 2020-09-24 17:21:44,963 - Applying grid search for parameter tuning
INFO - 2020-09-24 17:21:46,203 - Applying k-fold cross validation
INFO - 2020-09-24 17:21:46,329 - Model evaluation
INFO - 2020-09-24 17:21:46,359 - Saving model
INFO - 2020-09-24 21:54:03,807 - The id=1 from experiment mushroom was retrieved successfully
INFO - 2020-09-24 21:54:03,943 - Loading file at data/mushroom.csv
INFO - 2020-09-24 21:54:03,974 - Preprocessing dataset
INFO - 2020-09-24 21:54:04,020 - Split data into train and test
INFO - 2020-09-24 21:54:04,031 - Applying grid search for parameter tuning
INFO - 2020-09-24 21:54:50,025 - The id=1 from experiment mushroom was retrieved successfully
INFO - 2020-09-24 21:54:50,106 - Loading file at data/mushroom.csv
INFO - 2020-09-24 21:54:50,134 - Preprocessing dataset
INFO - 2020-09-24 21:54:50,173 - Split data into train and test
INFO - 2020-09-24 21:54:50,182 - Applying grid search for parameter tuning
INFO - 2020-09-24 21:55:29,515 - The id=1 from experiment mushroom was retrieved successfully
INFO - 2020-09-24 21:55:29,598 - Loading file at data/mushroom.csv
INFO - 2020-09-24 21:55:29,627 - Preprocessing dataset
INFO - 2020-09-24 21:55:29,675 - Split data into train and test
INFO - 2020-09-24 21:55:29,684 - Applying grid search for parameter tuning
INFO - 2020-09-24 21:55:30,754 - Applying k-fold cross validation
INFO - 2020-09-24 21:55:30,861 - Model evaluation
INFO - 2020-09-24 21:55:30,888 - Saving model
INFO - 2020-09-24 21:56:01,472 - The id=1 from experiment mushroom was retrieved successfully
INFO - 2020-09-24 21:56:01,550 - Loading file at data/mushroom.csv
INFO - 2020-09-24 21:56:01,578 - Preprocessing dataset
INFO - 2020-09-24 21:56:01,617 - Split data into train and test
INFO - 2020-09-24 21:56:01,626 - Applying grid search for parameter tuning
INFO - 2020-09-24 21:56:02,689 - Applying k-fold cross validation
INFO - 2020-09-24 21:56:02,802 - Model evaluation
INFO - 2020-09-24 21:56:02,843 - Saving model
INFO - 2020-09-24 21:59:25,201 - The id=1 from experiment mushroom was retrieved successfully
INFO - 2020-09-24 21:59:25,305 - Loading file at data/mushroom.csv
INFO - 2020-09-24 21:59:25,336 - Preprocessing dataset
INFO - 2020-09-24 21:59:25,375 - Split data into train and test
INFO - 2020-09-24 21:59:25,383 - Applying grid search for parameter tuning
INFO - 2020-09-24 21:59:28,062 - Applying k-fold cross validation
INFO - 2020-09-24 21:59:28,329 - Model evaluation
INFO - 2020-09-24 21:59:28,358 - Saving model
INFO - 2020-09-24 21:59:47,648 - The id=1 from experiment mushroom was retrieved successfully
INFO - 2020-09-24 21:59:47,727 - Loading file at data/mushroom.csv
INFO - 2020-09-24 21:59:47,753 - Preprocessing dataset
INFO - 2020-09-24 21:59:47,792 - Split data into train and test
INFO - 2020-09-24 21:59:47,801 - Applying grid search for parameter tuning
INFO - 2020-09-24 21:59:50,522 - Applying k-fold cross validation
INFO - 2020-09-24 21:59:50,779 - Model evaluation
INFO - 2020-09-24 21:59:50,810 - Saving model
